2023-10-29 16:52:20 [scrapy.utils.log] INFO: Scrapy 2.11.0 started (bot: photography_tips_scraper)
2023-10-29 16:52:20 [scrapy.utils.log] INFO: Versions: lxml 4.9.3.0, libxml2 2.10.3, cssselect 1.2.0, parsel 1.8.1, w3lib 2.1.2, Twisted 22.10.0, Python 3.10.12 (main, Jun 11 2023, 05:26:28) [GCC 11.4.0], pyOpenSSL 23.2.0 (OpenSSL 3.1.3 19 Sep 2023), cryptography 41.0.4, Platform Linux-6.2.0-35-generic-x86_64-with-glibc2.35
2023-10-29 16:52:20 [scrapy.addons] INFO: Enabled addons:
[]
2023-10-29 16:52:20 [asyncio] DEBUG: Using selector: EpollSelector
2023-10-29 16:52:20 [scrapy.utils.log] DEBUG: Using reactor: twisted.internet.asyncioreactor.AsyncioSelectorReactor
2023-10-29 16:52:20 [scrapy.utils.log] DEBUG: Using asyncio event loop: asyncio.unix_events._UnixSelectorEventLoop
2023-10-29 16:52:20 [scrapy.extensions.telnet] INFO: Telnet Password: 2ccd7a230ba4fb5e
2023-10-29 16:52:20 [scrapy.middleware] INFO: Enabled extensions:
['scrapy.extensions.corestats.CoreStats',
 'scrapy.extensions.telnet.TelnetConsole',
 'scrapy.extensions.memusage.MemoryUsage',
 'scrapy.extensions.logstats.LogStats']
2023-10-29 16:52:20 [scrapy.crawler] INFO: Overridden settings:
{'BOT_NAME': 'photography_tips_scraper',
 'FEED_EXPORT_ENCODING': 'utf-8',
 'LOG_FILE': 'scrapy.log',
 'NEWSPIDER_MODULE': 'photography_tips_scraper.spiders',
 'REQUEST_FINGERPRINTER_IMPLEMENTATION': '2.7',
 'ROBOTSTXT_OBEY': True,
 'SPIDER_MODULES': ['photography_tips_scraper.spiders'],
 'TWISTED_REACTOR': 'twisted.internet.asyncioreactor.AsyncioSelectorReactor'}
2023-10-29 16:52:20 [scrapy.middleware] INFO: Enabled downloader middlewares:
['scrapy.downloadermiddlewares.robotstxt.RobotsTxtMiddleware',
 'scrapy.downloadermiddlewares.httpauth.HttpAuthMiddleware',
 'scrapy.downloadermiddlewares.downloadtimeout.DownloadTimeoutMiddleware',
 'scrapy.downloadermiddlewares.defaultheaders.DefaultHeadersMiddleware',
 'scrapy.downloadermiddlewares.useragent.UserAgentMiddleware',
 'scrapy.downloadermiddlewares.retry.RetryMiddleware',
 'scrapy.downloadermiddlewares.redirect.MetaRefreshMiddleware',
 'scrapy.downloadermiddlewares.httpcompression.HttpCompressionMiddleware',
 'scrapy.downloadermiddlewares.redirect.RedirectMiddleware',
 'scrapy.downloadermiddlewares.cookies.CookiesMiddleware',
 'scrapy.downloadermiddlewares.httpproxy.HttpProxyMiddleware',
 'scrapy.downloadermiddlewares.stats.DownloaderStats']
2023-10-29 16:52:20 [scrapy.middleware] INFO: Enabled spider middlewares:
['scrapy.spidermiddlewares.httperror.HttpErrorMiddleware',
 'scrapy.spidermiddlewares.offsite.OffsiteMiddleware',
 'scrapy.spidermiddlewares.referer.RefererMiddleware',
 'scrapy.spidermiddlewares.urllength.UrlLengthMiddleware',
 'scrapy.spidermiddlewares.depth.DepthMiddleware']
2023-10-29 16:52:20 [scrapy.middleware] INFO: Enabled item pipelines:
[]
2023-10-29 16:52:20 [scrapy.core.engine] INFO: Spider opened
2023-10-29 16:52:20 [scrapy.extensions.logstats] INFO: Crawled 0 pages (at 0 pages/min), scraped 0 items (at 0 items/min)
2023-10-29 16:52:20 [scrapy.extensions.telnet] INFO: Telnet console listening on 127.0.0.1:6024
2023-10-29 16:52:21 [scrapy.core.engine] DEBUG: Crawled (403) <GET https://www.dpreview.com/robots.txt> (referer: None)
2023-10-29 16:52:21 [protego] DEBUG: Rule at line 1 without any user agent to enforce it on.
2023-10-29 16:52:21 [protego] DEBUG: Rule at line 3 without any user agent to enforce it on.
2023-10-29 16:52:21 [protego] DEBUG: Rule at line 16 without any user agent to enforce it on.
2023-10-29 16:52:21 [scrapy.core.engine] DEBUG: Crawled (403) <GET https://www.dpreview.com/features/photography?page=1> (referer: None)
2023-10-29 16:52:21 [scrapy.core.engine] DEBUG: Crawled (403) <GET https://www.dpreview.com/features/photography?page=2> (referer: None)
2023-10-29 16:52:21 [scrapy.spidermiddlewares.httperror] INFO: Ignoring response <403 https://www.dpreview.com/features/photography?page=1>: HTTP status code is not handled or not allowed
2023-10-29 16:52:21 [scrapy.spidermiddlewares.httperror] INFO: Ignoring response <403 https://www.dpreview.com/features/photography?page=2>: HTTP status code is not handled or not allowed
2023-10-29 16:52:21 [scrapy.core.engine] INFO: Closing spider (finished)
2023-10-29 16:52:21 [scrapy.statscollectors] INFO: Dumping Scrapy stats:
{'downloader/request_bytes': 715,
 'downloader/request_count': 3,
 'downloader/request_method_count/GET': 3,
 'downloader/response_bytes': 3738,
 'downloader/response_count': 3,
 'downloader/response_status_count/403': 3,
 'elapsed_time_seconds': 0.205428,
 'finish_reason': 'finished',
 'finish_time': datetime.datetime(2023, 10, 29, 15, 52, 21, 169388, tzinfo=datetime.timezone.utc),
 'httperror/response_ignored_count': 2,
 'httperror/response_ignored_status_count/403': 2,
 'log_count/DEBUG': 9,
 'log_count/INFO': 12,
 'memusage/max': 62873600,
 'memusage/startup': 62873600,
 'response_received_count': 3,
 'robotstxt/request_count': 1,
 'robotstxt/response_count': 1,
 'robotstxt/response_status_count/403': 1,
 'scheduler/dequeued': 2,
 'scheduler/dequeued/memory': 2,
 'scheduler/enqueued': 2,
 'scheduler/enqueued/memory': 2,
 'start_time': datetime.datetime(2023, 10, 29, 15, 52, 20, 963960, tzinfo=datetime.timezone.utc)}
2023-10-29 16:52:21 [scrapy.core.engine] INFO: Spider closed (finished)
